<?xml version="1.0" encoding="UTF-8"?>
<testsuite name="com.beginnertechies.googleapi.GoogleApiIntegrationApplicationTests" tests="1" skipped="0" failures="0" errors="0" timestamp="2024-04-12T09:23:15" hostname="RickMBPRM1.local" time="0.148">
  <properties/>
  <testcase name="contextLoads()" classname="com.beginnertechies.googleapi.GoogleApiIntegrationApplicationTests" time="0.148"/>
  <system-out><![CDATA[17:23:14.869 [Test worker] DEBUG org.springframework.test.context.BootstrapUtils - Instantiating CacheAwareContextLoaderDelegate from class [org.springframework.test.context.cache.DefaultCacheAwareContextLoaderDelegate]
17:23:14.874 [Test worker] DEBUG org.springframework.test.context.BootstrapUtils - Instantiating BootstrapContext using constructor [public org.springframework.test.context.support.DefaultBootstrapContext(java.lang.Class,org.springframework.test.context.CacheAwareContextLoaderDelegate)]
17:23:14.888 [Test worker] DEBUG org.springframework.test.context.BootstrapUtils - Instantiating TestContextBootstrapper for test class [com.beginnertechies.googleapi.GoogleApiIntegrationApplicationTests] from class [org.springframework.boot.test.context.SpringBootTestContextBootstrapper]
17:23:14.892 [Test worker] INFO org.springframework.boot.test.context.SpringBootTestContextBootstrapper - Neither @ContextConfiguration nor @ContextHierarchy found for test class [com.beginnertechies.googleapi.GoogleApiIntegrationApplicationTests], using SpringBootContextLoader
17:23:14.894 [Test worker] DEBUG org.springframework.test.context.support.AbstractContextLoader - Did not detect default resource location for test class [com.beginnertechies.googleapi.GoogleApiIntegrationApplicationTests]: class path resource [com/beginnertechies/googleapi/GoogleApiIntegrationApplicationTests-context.xml] does not exist
17:23:14.894 [Test worker] DEBUG org.springframework.test.context.support.AbstractContextLoader - Did not detect default resource location for test class [com.beginnertechies.googleapi.GoogleApiIntegrationApplicationTests]: class path resource [com/beginnertechies/googleapi/GoogleApiIntegrationApplicationTestsContext.groovy] does not exist
17:23:14.894 [Test worker] INFO org.springframework.test.context.support.AbstractContextLoader - Could not detect default resource locations for test class [com.beginnertechies.googleapi.GoogleApiIntegrationApplicationTests]: no resource found for suffixes {-context.xml, Context.groovy}.
17:23:14.895 [Test worker] INFO org.springframework.test.context.support.AnnotationConfigContextLoaderUtils - Could not detect default configuration classes for test class [com.beginnertechies.googleapi.GoogleApiIntegrationApplicationTests]: GoogleApiIntegrationApplicationTests does not declare any static, non-private, non-final, nested classes annotated with @Configuration.
17:23:14.911 [Test worker] DEBUG org.springframework.test.context.support.ActiveProfilesUtils - Could not find an 'annotation declaring class' for annotation type [org.springframework.test.context.ActiveProfiles] and class [com.beginnertechies.googleapi.GoogleApiIntegrationApplicationTests]
17:23:14.935 [Test worker] DEBUG org.springframework.context.annotation.ClassPathScanningCandidateComponentProvider - Identified candidate component class: file [/Users/rickhwang/Repos/rickhwang/github/java-lab/sp27/google-sheet-api/build/classes/java/main/com/beginnertechies/googleapi/Main.class]
17:23:14.935 [Test worker] INFO org.springframework.boot.test.context.SpringBootTestContextBootstrapper - Found @SpringBootConfiguration com.beginnertechies.googleapi.Main for test class com.beginnertechies.googleapi.GoogleApiIntegrationApplicationTests
17:23:14.976 [Test worker] DEBUG org.springframework.boot.test.context.SpringBootTestContextBootstrapper - @TestExecutionListeners is not present for class [com.beginnertechies.googleapi.GoogleApiIntegrationApplicationTests]: using defaults.
17:23:14.976 [Test worker] INFO org.springframework.boot.test.context.SpringBootTestContextBootstrapper - Loaded default TestExecutionListener class names from location [META-INF/spring.factories]: [org.springframework.boot.test.autoconfigure.restdocs.RestDocsTestExecutionListener, org.springframework.boot.test.autoconfigure.web.client.MockRestServiceServerResetTestExecutionListener, org.springframework.boot.test.autoconfigure.web.servlet.MockMvcPrintOnlyOnFailureTestExecutionListener, org.springframework.boot.test.autoconfigure.web.servlet.WebDriverTestExecutionListener, org.springframework.boot.test.autoconfigure.webservices.client.MockWebServiceServerTestExecutionListener, org.springframework.boot.test.mock.mockito.MockitoTestExecutionListener, org.springframework.boot.test.mock.mockito.ResetMocksTestExecutionListener, org.springframework.test.context.web.ServletTestExecutionListener, org.springframework.test.context.support.DirtiesContextBeforeModesTestExecutionListener, org.springframework.test.context.event.ApplicationEventsTestExecutionListener, org.springframework.test.context.support.DependencyInjectionTestExecutionListener, org.springframework.test.context.support.DirtiesContextTestExecutionListener, org.springframework.test.context.transaction.TransactionalTestExecutionListener, org.springframework.test.context.jdbc.SqlScriptsTestExecutionListener, org.springframework.test.context.event.EventPublishingTestExecutionListener]
17:23:14.980 [Test worker] DEBUG org.springframework.boot.test.context.SpringBootTestContextBootstrapper - Skipping candidate TestExecutionListener [org.springframework.test.context.transaction.TransactionalTestExecutionListener] due to a missing dependency. Specify custom listener classes or make the default listener classes and their required dependencies available. Offending class: [org/springframework/transaction/interceptor/TransactionAttributeSource]
17:23:14.981 [Test worker] DEBUG org.springframework.boot.test.context.SpringBootTestContextBootstrapper - Skipping candidate TestExecutionListener [org.springframework.test.context.jdbc.SqlScriptsTestExecutionListener] due to a missing dependency. Specify custom listener classes or make the default listener classes and their required dependencies available. Offending class: [org/springframework/transaction/interceptor/TransactionAttribute]
17:23:14.981 [Test worker] INFO org.springframework.boot.test.context.SpringBootTestContextBootstrapper - Using TestExecutionListeners: [org.springframework.test.context.web.ServletTestExecutionListener@63fd4873, org.springframework.test.context.support.DirtiesContextBeforeModesTestExecutionListener@1e11bc55, org.springframework.test.context.event.ApplicationEventsTestExecutionListener@7544a1e4, org.springframework.boot.test.mock.mockito.MockitoTestExecutionListener@70e0accd, org.springframework.boot.test.autoconfigure.SpringBootDependencyInjectionTestExecutionListener@7957dc72, org.springframework.test.context.support.DirtiesContextTestExecutionListener@6ab72419, org.springframework.test.context.event.EventPublishingTestExecutionListener@3aacf32a, org.springframework.boot.test.autoconfigure.restdocs.RestDocsTestExecutionListener@4fdfa676, org.springframework.boot.test.autoconfigure.web.client.MockRestServiceServerResetTestExecutionListener@82c57b3, org.springframework.boot.test.autoconfigure.web.servlet.MockMvcPrintOnlyOnFailureTestExecutionListener@5be82d43, org.springframework.boot.test.autoconfigure.web.servlet.WebDriverTestExecutionListener@600b0b7, org.springframework.boot.test.autoconfigure.webservices.client.MockWebServiceServerTestExecutionListener@345e5a17, org.springframework.boot.test.mock.mockito.ResetMocksTestExecutionListener@5ea502e0]
17:23:14.982 [Test worker] DEBUG org.springframework.test.context.support.AbstractDirtiesContextTestExecutionListener - Before test class: context [DefaultTestContext@3113a37 testClass = GoogleApiIntegrationApplicationTests, testInstance = [null], testMethod = [null], testException = [null], mergedContextConfiguration = [WebMergedContextConfiguration@213e3629 testClass = GoogleApiIntegrationApplicationTests, locations = '{}', classes = '{class com.beginnertechies.googleapi.Main}', contextInitializerClasses = '[]', activeProfiles = '{}', propertySourceLocations = '{}', propertySourceProperties = '{org.springframework.boot.test.context.SpringBootTestContextBootstrapper=true}', contextCustomizers = set[org.springframework.boot.test.autoconfigure.actuate.metrics.MetricsExportContextCustomizerFactory$DisableMetricExportContextCustomizer@a202ccb, org.springframework.boot.test.autoconfigure.properties.PropertyMappingContextCustomizer@0, org.springframework.boot.test.autoconfigure.web.servlet.WebDriverContextCustomizerFactory$Customizer@4044fb95, org.springframework.boot.test.context.filter.ExcludeFilterContextCustomizer@1bb564e2, org.springframework.boot.test.json.DuplicateJsonObjectContextCustomizerFactory$DuplicateJsonObjectContextCustomizer@1cbf6e72, org.springframework.boot.test.mock.mockito.MockitoContextCustomizer@0, org.springframework.boot.test.web.client.TestRestTemplateContextCustomizer@6cfcd46d, org.springframework.boot.test.context.SpringBootTestArgs@1, org.springframework.boot.test.context.SpringBootTestWebEnvironment@4ef74c30], resourceBasePath = 'src/main/webapp', contextLoader = 'org.springframework.boot.test.context.SpringBootContextLoader', parent = [null]], attributes = map['org.springframework.test.context.web.ServletTestExecutionListener.activateListener' -> true]], class annotated with @DirtiesContext [false] with mode [null].

  .   ____          _            __ _ _
 /\\ / ___'_ __ _ _(_)_ __  __ _ \ \ \ \
( ( )\___ | '_ | '_| | '_ \/ _` | \ \ \ \
 \\/  ___)| |_)| | | | | || (_| |  ) ) ) )
  '  |____| .__|_| |_|_| |_\__, | / / / /
 =========|_|==============|___/=/_/_/_/
 :: Spring Boot ::                (v2.7.3)

2024-04-12 17:23:15.145  INFO 82385 --- [    Test worker] b.g.GoogleApiIntegrationApplicationTests : Starting GoogleApiIntegrationApplicationTests using Java 11.0.19 on RickMBPRM1.local with PID 82385 (started by rickhwang in /Users/rickhwang/Repos/rickhwang/github/java-lab/sp27/google-sheet-api)
2024-04-12 17:23:15.146  INFO 82385 --- [    Test worker] b.g.GoogleApiIntegrationApplicationTests : No active profile set, falling back to 1 default profile: "default"
2024-04-12 17:23:15.818  INFO 82385 --- [    Test worker] b.g.GoogleApiIntegrationApplicationTests : Started GoogleApiIntegrationApplicationTests in 0.821 seconds (JVM running for 1.316)
]]></system-out>
  <system-err><![CDATA[]]></system-err>
</testsuite>
