<?xml version="1.0" encoding="UTF-8"?>
<testsuite name="com.beginnertechies.googleapi.GoogleApiIntegrationApplicationTests" tests="1" skipped="0" failures="0" errors="0" timestamp="2024-05-05T09:28:30" hostname="RickMBPRM1.local" time="0.135">
  <properties/>
  <testcase name="contextLoads()" classname="com.beginnertechies.googleapi.GoogleApiIntegrationApplicationTests" time="0.135"/>
  <system-out><![CDATA[17:28:29.811 [Test worker] DEBUG org.springframework.test.context.BootstrapUtils - Instantiating CacheAwareContextLoaderDelegate from class [org.springframework.test.context.cache.DefaultCacheAwareContextLoaderDelegate]
17:28:29.815 [Test worker] DEBUG org.springframework.test.context.BootstrapUtils - Instantiating BootstrapContext using constructor [public org.springframework.test.context.support.DefaultBootstrapContext(java.lang.Class,org.springframework.test.context.CacheAwareContextLoaderDelegate)]
17:28:29.828 [Test worker] DEBUG org.springframework.test.context.BootstrapUtils - Instantiating TestContextBootstrapper for test class [com.beginnertechies.googleapi.GoogleApiIntegrationApplicationTests] from class [org.springframework.boot.test.context.SpringBootTestContextBootstrapper]
17:28:29.831 [Test worker] INFO org.springframework.boot.test.context.SpringBootTestContextBootstrapper - Neither @ContextConfiguration nor @ContextHierarchy found for test class [com.beginnertechies.googleapi.GoogleApiIntegrationApplicationTests], using SpringBootContextLoader
17:28:29.832 [Test worker] DEBUG org.springframework.test.context.support.AbstractContextLoader - Did not detect default resource location for test class [com.beginnertechies.googleapi.GoogleApiIntegrationApplicationTests]: class path resource [com/beginnertechies/googleapi/GoogleApiIntegrationApplicationTests-context.xml] does not exist
17:28:29.833 [Test worker] DEBUG org.springframework.test.context.support.AbstractContextLoader - Did not detect default resource location for test class [com.beginnertechies.googleapi.GoogleApiIntegrationApplicationTests]: class path resource [com/beginnertechies/googleapi/GoogleApiIntegrationApplicationTestsContext.groovy] does not exist
17:28:29.833 [Test worker] INFO org.springframework.test.context.support.AbstractContextLoader - Could not detect default resource locations for test class [com.beginnertechies.googleapi.GoogleApiIntegrationApplicationTests]: no resource found for suffixes {-context.xml, Context.groovy}.
17:28:29.833 [Test worker] INFO org.springframework.test.context.support.AnnotationConfigContextLoaderUtils - Could not detect default configuration classes for test class [com.beginnertechies.googleapi.GoogleApiIntegrationApplicationTests]: GoogleApiIntegrationApplicationTests does not declare any static, non-private, non-final, nested classes annotated with @Configuration.
17:28:29.848 [Test worker] DEBUG org.springframework.test.context.support.ActiveProfilesUtils - Could not find an 'annotation declaring class' for annotation type [org.springframework.test.context.ActiveProfiles] and class [com.beginnertechies.googleapi.GoogleApiIntegrationApplicationTests]
17:28:29.871 [Test worker] DEBUG org.springframework.context.annotation.ClassPathScanningCandidateComponentProvider - Identified candidate component class: file [/Users/rickhwang/Repos/rickhwang/github/java-lab/race-condition/sp27/build/classes/java/main/com/beginnertechies/googleapi/Main.class]
17:28:29.871 [Test worker] INFO org.springframework.boot.test.context.SpringBootTestContextBootstrapper - Found @SpringBootConfiguration com.beginnertechies.googleapi.Main for test class com.beginnertechies.googleapi.GoogleApiIntegrationApplicationTests
17:28:29.900 [Test worker] DEBUG org.springframework.boot.test.context.SpringBootTestContextBootstrapper - @TestExecutionListeners is not present for class [com.beginnertechies.googleapi.GoogleApiIntegrationApplicationTests]: using defaults.
17:28:29.900 [Test worker] INFO org.springframework.boot.test.context.SpringBootTestContextBootstrapper - Loaded default TestExecutionListener class names from location [META-INF/spring.factories]: [org.springframework.boot.test.autoconfigure.restdocs.RestDocsTestExecutionListener, org.springframework.boot.test.autoconfigure.web.client.MockRestServiceServerResetTestExecutionListener, org.springframework.boot.test.autoconfigure.web.servlet.MockMvcPrintOnlyOnFailureTestExecutionListener, org.springframework.boot.test.autoconfigure.web.servlet.WebDriverTestExecutionListener, org.springframework.boot.test.autoconfigure.webservices.client.MockWebServiceServerTestExecutionListener, org.springframework.boot.test.mock.mockito.MockitoTestExecutionListener, org.springframework.boot.test.mock.mockito.ResetMocksTestExecutionListener, org.springframework.test.context.web.ServletTestExecutionListener, org.springframework.test.context.support.DirtiesContextBeforeModesTestExecutionListener, org.springframework.test.context.event.ApplicationEventsTestExecutionListener, org.springframework.test.context.support.DependencyInjectionTestExecutionListener, org.springframework.test.context.support.DirtiesContextTestExecutionListener, org.springframework.test.context.transaction.TransactionalTestExecutionListener, org.springframework.test.context.jdbc.SqlScriptsTestExecutionListener, org.springframework.test.context.event.EventPublishingTestExecutionListener]
17:28:29.904 [Test worker] DEBUG org.springframework.boot.test.context.SpringBootTestContextBootstrapper - Skipping candidate TestExecutionListener [org.springframework.test.context.transaction.TransactionalTestExecutionListener] due to a missing dependency. Specify custom listener classes or make the default listener classes and their required dependencies available. Offending class: [org/springframework/transaction/interceptor/TransactionAttributeSource]
17:28:29.904 [Test worker] DEBUG org.springframework.boot.test.context.SpringBootTestContextBootstrapper - Skipping candidate TestExecutionListener [org.springframework.test.context.jdbc.SqlScriptsTestExecutionListener] due to a missing dependency. Specify custom listener classes or make the default listener classes and their required dependencies available. Offending class: [org/springframework/transaction/interceptor/TransactionAttribute]
17:28:29.904 [Test worker] INFO org.springframework.boot.test.context.SpringBootTestContextBootstrapper - Using TestExecutionListeners: [org.springframework.test.context.web.ServletTestExecutionListener@29df4d43, org.springframework.test.context.support.DirtiesContextBeforeModesTestExecutionListener@5dd91bca, org.springframework.test.context.event.ApplicationEventsTestExecutionListener@40cb698e, org.springframework.boot.test.mock.mockito.MockitoTestExecutionListener@3382f8ae, org.springframework.boot.test.autoconfigure.SpringBootDependencyInjectionTestExecutionListener@60641ec8, org.springframework.test.context.support.DirtiesContextTestExecutionListener@75f65e45, org.springframework.test.context.event.EventPublishingTestExecutionListener@6eeade6c, org.springframework.boot.test.autoconfigure.restdocs.RestDocsTestExecutionListener@4a891c97, org.springframework.boot.test.autoconfigure.web.client.MockRestServiceServerResetTestExecutionListener@a5bd950, org.springframework.boot.test.autoconfigure.web.servlet.MockMvcPrintOnlyOnFailureTestExecutionListener@4d18aa28, org.springframework.boot.test.autoconfigure.web.servlet.WebDriverTestExecutionListener@75390459, org.springframework.boot.test.autoconfigure.webservices.client.MockWebServiceServerTestExecutionListener@7756c3cd, org.springframework.boot.test.mock.mockito.ResetMocksTestExecutionListener@2313052e]
17:28:29.905 [Test worker] DEBUG org.springframework.test.context.support.AbstractDirtiesContextTestExecutionListener - Before test class: context [DefaultTestContext@7c209437 testClass = GoogleApiIntegrationApplicationTests, testInstance = [null], testMethod = [null], testException = [null], mergedContextConfiguration = [WebMergedContextConfiguration@2262b621 testClass = GoogleApiIntegrationApplicationTests, locations = '{}', classes = '{class com.beginnertechies.googleapi.Main}', contextInitializerClasses = '[]', activeProfiles = '{}', propertySourceLocations = '{}', propertySourceProperties = '{org.springframework.boot.test.context.SpringBootTestContextBootstrapper=true}', contextCustomizers = set[org.springframework.boot.test.autoconfigure.actuate.metrics.MetricsExportContextCustomizerFactory$DisableMetricExportContextCustomizer@5082d622, org.springframework.boot.test.autoconfigure.properties.PropertyMappingContextCustomizer@0, org.springframework.boot.test.autoconfigure.web.servlet.WebDriverContextCustomizerFactory$Customizer@7fcf2fc1, org.springframework.boot.test.context.filter.ExcludeFilterContextCustomizer@20435c40, org.springframework.boot.test.json.DuplicateJsonObjectContextCustomizerFactory$DuplicateJsonObjectContextCustomizer@488d1cd7, org.springframework.boot.test.mock.mockito.MockitoContextCustomizer@0, org.springframework.boot.test.web.client.TestRestTemplateContextCustomizer@768fc0f2, org.springframework.boot.test.context.SpringBootTestArgs@1, org.springframework.boot.test.context.SpringBootTestWebEnvironment@bcec361], resourceBasePath = 'src/main/webapp', contextLoader = 'org.springframework.boot.test.context.SpringBootContextLoader', parent = [null]], attributes = map['org.springframework.test.context.web.ServletTestExecutionListener.activateListener' -> true]], class annotated with @DirtiesContext [false] with mode [null].

  .   ____          _            __ _ _
 /\\ / ___'_ __ _ _(_)_ __  __ _ \ \ \ \
( ( )\___ | '_ | '_| | '_ \/ _` | \ \ \ \
 \\/  ___)| |_)| | | | | || (_| |  ) ) ) )
  '  |____| .__|_| |_|_| |_\__, | / / / /
 =========|_|==============|___/=/_/_/_/
 :: Spring Boot ::                (v2.7.3)

2024-05-05 17:28:30.025  INFO 34238 --- [    Test worker] b.g.GoogleApiIntegrationApplicationTests : Starting GoogleApiIntegrationApplicationTests using Java 17.0.8 on RickMBPRM1.local with PID 34238 (started by rickhwang in /Users/rickhwang/Repos/rickhwang/github/java-lab/race-condition/sp27)
2024-05-05 17:28:30.026  INFO 34238 --- [    Test worker] b.g.GoogleApiIntegrationApplicationTests : No active profile set, falling back to 1 default profile: "default"
Init counter, value: [0]
2024-05-05 17:28:30.512  INFO 34238 --- [    Test worker] b.g.GoogleApiIntegrationApplicationTests : Started GoogleApiIntegrationApplicationTests in 0.594 seconds (JVM running for 0.992)
]]></system-out>
  <system-err><![CDATA[]]></system-err>
</testsuite>
